{"/home/habib-shah/project/captcha-api-service/src/app.js": {"path":"/home/habib-shah/project/captcha-api-service/src/app.js","statementMap":{"0":{"start":{"line":1,"column":16},"end":{"line":1,"column":34}},"1":{"start":{"line":2,"column":13},"end":{"line":2,"column":28}},"2":{"start":{"line":3,"column":15},"end":{"line":3,"column":32}},"3":{"start":{"line":4,"column":20},"end":{"line":4,"column":42}},"4":{"start":{"line":5,"column":15},"end":{"line":5,"column":32}},"5":{"start":{"line":6,"column":18},"end":{"line":6,"column":47}},"6":{"start":{"line":7,"column":24},"end":{"line":7,"column":53}},"7":{"start":{"line":9,"column":23},"end":{"line":9,"column":61}},"8":{"start":{"line":10,"column":29},"end":{"line":10,"column":73}},"9":{"start":{"line":11,"column":24},"end":{"line":11,"column":63}},"10":{"start":{"line":12,"column":26},"end":{"line":12,"column":68}},"11":{"start":{"line":13,"column":19},"end":{"line":13,"column":44}},"12":{"start":{"line":15,"column":12},"end":{"line":15,"column":21}},"13":{"start":{"line":18,"column":0},"end":{"line":20,"column":4}},"14":{"start":{"line":23,"column":0},"end":{"line":28,"column":4}},"15":{"start":{"line":31,"column":0},"end":{"line":31,"column":41}},"16":{"start":{"line":32,"column":0},"end":{"line":32,"column":48}},"17":{"start":{"line":35,"column":0},"end":{"line":35,"column":23}},"18":{"start":{"line":38,"column":0},"end":{"line":40,"column":4}},"19":{"start":{"line":39,"column":32},"end":{"line":39,"column":59}},"20":{"start":{"line":43,"column":22},"end":{"line":49,"column":2}},"21":{"start":{"line":50,"column":0},"end":{"line":50,"column":32}},"22":{"start":{"line":53,"column":22},"end":{"line":53,"column":55}},"23":{"start":{"line":54,"column":28},"end":{"line":54,"column":67}},"24":{"start":{"line":57,"column":0},"end":{"line":57,"column":57}},"25":{"start":{"line":60,"column":0},"end":{"line":65,"column":2}},"26":{"start":{"line":67,"column":0},"end":{"line":72,"column":2}},"27":{"start":{"line":75,"column":0},"end":{"line":80,"column":3}},"28":{"start":{"line":76,"column":2},"end":{"line":79,"column":5}},"29":{"start":{"line":83,"column":0},"end":{"line":83,"column":25}},"30":{"start":{"line":85,"column":0},"end":{"line":85,"column":21}}},"fnMap":{"0":{"name":"(anonymous_0)","decl":{"start":{"line":39,"column":19},"end":{"line":39,"column":20}},"loc":{"start":{"line":39,"column":32},"end":{"line":39,"column":59}},"line":39},"1":{"name":"(anonymous_1)","decl":{"start":{"line":75,"column":13},"end":{"line":75,"column":14}},"loc":{"start":{"line":75,"column":27},"end":{"line":80,"column":1}},"line":75}},"branchMap":{"0":{"loc":{"start":{"line":24,"column":10},"end":{"line":26,"column":56}},"type":"cond-expr","locations":[{"start":{"line":25,"column":6},"end":{"line":25,"column":32}},{"start":{"line":26,"column":6},"end":{"line":26,"column":56}}],"line":24}},"s":{"0":1,"1":1,"2":1,"3":1,"4":1,"5":1,"6":1,"7":1,"8":1,"9":1,"10":1,"11":1,"12":1,"13":1,"14":1,"15":1,"16":1,"17":1,"18":1,"19":0,"20":1,"21":1,"22":1,"23":1,"24":1,"25":1,"26":1,"27":1,"28":0,"29":1,"30":1},"f":{"0":0,"1":0},"b":{"0":[0,1]},"_coverageSchema":"1a1c01bbd47fc00a2c39e90264f33305004495a9","hash":"6683db917909ad1ebc5a4685f9da06005e2bcf50"}
,"/home/habib-shah/project/captcha-api-service/src/config/altcha.js": {"path":"/home/habib-shah/project/captcha-api-service/src/config/altcha.js","statementMap":{"0":{"start":{"line":1,"column":15},"end":{"line":1,"column":32}},"1":{"start":{"line":3,"column":22},"end":{"line":27,"column":1}},"2":{"start":{"line":31,"column":2},"end":{"line":31,"column":69}},"3":{"start":{"line":36,"column":2},"end":{"line":36,"column":64}},"4":{"start":{"line":39,"column":0},"end":{"line":43,"column":2}}},"fnMap":{"0":{"name":"generateSalt","decl":{"start":{"line":30,"column":9},"end":{"line":30,"column":21}},"loc":{"start":{"line":30,"column":30},"end":{"line":32,"column":1}},"line":30},"1":{"name":"generateHash","decl":{"start":{"line":35,"column":9},"end":{"line":35,"column":21}},"loc":{"start":{"line":35,"column":28},"end":{"line":37,"column":1}},"line":35}},"branchMap":{"0":{"loc":{"start":{"line":26,"column":10},"end":{"line":26,"column":83}},"type":"binary-expr","locations":[{"start":{"line":26,"column":10},"end":{"line":26,"column":35}},{"start":{"line":26,"column":39},"end":{"line":26,"column":83}}],"line":26}},"s":{"0":2,"1":2,"2":2,"3":2,"4":2},"f":{"0":2,"1":2},"b":{"0":[2,2]},"_coverageSchema":"1a1c01bbd47fc00a2c39e90264f33305004495a9","hash":"611dbd73f847a551d9a079ddd947e0247cc0656e"}
,"/home/habib-shah/project/captcha-api-service/src/config/database.js": {"path":"/home/habib-shah/project/captcha-api-service/src/config/database.js","statementMap":{"0":{"start":{"line":1,"column":17},"end":{"line":1,"column":30}},"1":{"start":{"line":2,"column":19},"end":{"line":2,"column":45}},"2":{"start":{"line":5,"column":20},"end":{"line":33,"column":1}},"3":{"start":{"line":6,"column":2},"end":{"line":21,"column":3}},"4":{"start":{"line":7,"column":20},"end":{"line":7,"column":34}},"5":{"start":{"line":8,"column":18},"end":{"line":8,"column":51}},"6":{"start":{"line":10,"column":4},"end":{"line":20,"column":6}},"7":{"start":{"line":23,"column":2},"end":{"line":32,"column":4}},"8":{"start":{"line":35,"column":13},"end":{"line":35,"column":36}},"9":{"start":{"line":39,"column":2},"end":{"line":48,"column":3}},"10":{"start":{"line":40,"column":19},"end":{"line":40,"column":39}},"11":{"start":{"line":41,"column":4},"end":{"line":43,"column":7}},"12":{"start":{"line":44,"column":4},"end":{"line":44,"column":21}},"13":{"start":{"line":46,"column":4},"end":{"line":46,"column":55}},"14":{"start":{"line":47,"column":4},"end":{"line":47,"column":16}},"15":{"start":{"line":53,"column":16},"end":{"line":53,"column":26}},"16":{"start":{"line":54,"column":2},"end":{"line":69,"column":3}},"17":{"start":{"line":55,"column":19},"end":{"line":55,"column":49}},"18":{"start":{"line":56,"column":21},"end":{"line":56,"column":39}},"19":{"start":{"line":57,"column":4},"end":{"line":61,"column":7}},"20":{"start":{"line":62,"column":4},"end":{"line":62,"column":18}},"21":{"start":{"line":64,"column":4},"end":{"line":67,"column":7}},"22":{"start":{"line":68,"column":4},"end":{"line":68,"column":16}},"23":{"start":{"line":72,"column":0},"end":{"line":76,"column":2}}},"fnMap":{"0":{"name":"(anonymous_0)","decl":{"start":{"line":5,"column":20},"end":{"line":5,"column":21}},"loc":{"start":{"line":5,"column":26},"end":{"line":33,"column":1}},"line":5},"1":{"name":"initializeDatabase","decl":{"start":{"line":38,"column":15},"end":{"line":38,"column":33}},"loc":{"start":{"line":38,"column":36},"end":{"line":49,"column":1}},"line":38},"2":{"name":"query","decl":{"start":{"line":52,"column":15},"end":{"line":52,"column":20}},"loc":{"start":{"line":52,"column":35},"end":{"line":70,"column":1}},"line":52}},"branchMap":{"0":{"loc":{"start":{"line":6,"column":2},"end":{"line":21,"column":3}},"type":"if","locations":[{"start":{"line":6,"column":2},"end":{"line":21,"column":3}},{"start":{},"end":{}}],"line":6},"1":{"loc":{"start":{"line":14,"column":12},"end":{"line":14,"column":30}},"type":"binary-expr","locations":[{"start":{"line":14,"column":12},"end":{"line":14,"column":22}},{"start":{"line":14,"column":26},"end":{"line":14,"column":30}}],"line":14},"2":{"loc":{"start":{"line":17,"column":11},"end":{"line":17,"column":57}},"type":"binary-expr","locations":[{"start":{"line":17,"column":11},"end":{"line":17,"column":51}},{"start":{"line":17,"column":55},"end":{"line":17,"column":57}}],"line":17},"3":{"loc":{"start":{"line":18,"column":25},"end":{"line":18,"column":71}},"type":"binary-expr","locations":[{"start":{"line":18,"column":25},"end":{"line":18,"column":62}},{"start":{"line":18,"column":66},"end":{"line":18,"column":71}}],"line":18},"4":{"loc":{"start":{"line":19,"column":31},"end":{"line":19,"column":82}},"type":"binary-expr","locations":[{"start":{"line":19,"column":31},"end":{"line":19,"column":74}},{"start":{"line":19,"column":78},"end":{"line":19,"column":82}}],"line":19},"5":{"loc":{"start":{"line":26,"column":14},"end":{"line":26,"column":80}},"type":"cond-expr","locations":[{"start":{"line":26,"column":48},"end":{"line":26,"column":65}},{"start":{"line":26,"column":68},"end":{"line":26,"column":80}}],"line":26},"6":{"loc":{"start":{"line":29,"column":9},"end":{"line":29,"column":55}},"type":"binary-expr","locations":[{"start":{"line":29,"column":9},"end":{"line":29,"column":49}},{"start":{"line":29,"column":53},"end":{"line":29,"column":55}}],"line":29},"7":{"loc":{"start":{"line":30,"column":23},"end":{"line":30,"column":69}},"type":"binary-expr","locations":[{"start":{"line":30,"column":23},"end":{"line":30,"column":60}},{"start":{"line":30,"column":64},"end":{"line":30,"column":69}}],"line":30},"8":{"loc":{"start":{"line":31,"column":29},"end":{"line":31,"column":80}},"type":"binary-expr","locations":[{"start":{"line":31,"column":29},"end":{"line":31,"column":72}},{"start":{"line":31,"column":76},"end":{"line":31,"column":80}}],"line":31}},"s":{"0":1,"1":1,"2":1,"3":1,"4":0,"5":0,"6":0,"7":1,"8":1,"9":0,"10":0,"11":0,"12":0,"13":0,"14":0,"15":1,"16":1,"17":1,"18":1,"19":1,"20":1,"21":0,"22":0,"23":1},"f":{"0":1,"1":0,"2":1},"b":{"0":[0,1],"1":[0,0],"2":[0,0],"3":[0,0],"4":[0,0],"5":[1,0],"6":[1,1],"7":[1,1],"8":[1,1]},"_coverageSchema":"1a1c01bbd47fc00a2c39e90264f33305004495a9","hash":"c5c83530d6e6125e533d1e69ce91c8892b59274f"}
,"/home/habib-shah/project/captcha-api-service/src/config/features.js": {"path":"/home/habib-shah/project/captcha-api-service/src/config/features.js","statementMap":{"0":{"start":{"line":1,"column":21},"end":{"line":16,"column":1}},"1":{"start":{"line":19,"column":22},"end":{"line":42,"column":1}},"2":{"start":{"line":44,"column":0},"end":{"line":47,"column":2}}},"fnMap":{},"branchMap":{},"s":{"0":2,"1":2,"2":2},"f":{},"b":{},"_coverageSchema":"1a1c01bbd47fc00a2c39e90264f33305004495a9","hash":"c73200cf0ef54fdae4df3ee4ecbdf61c10da5fd3"}
,"/home/habib-shah/project/captcha-api-service/src/config/rateLimit.js": {"path":"/home/habib-shah/project/captcha-api-service/src/config/rateLimit.js","statementMap":{"0":{"start":{"line":1,"column":19},"end":{"line":1,"column":46}},"1":{"start":{"line":2,"column":14},"end":{"line":2,"column":53}},"2":{"start":{"line":4,"column":24},"end":{"line":41,"column":1}},"3":{"start":{"line":17,"column":32},"end":{"line":17,"column":62}},"4":{"start":{"line":21,"column":6},"end":{"line":21,"column":65}},"5":{"start":{"line":35,"column":32},"end":{"line":35,"column":62}},"6":{"start":{"line":38,"column":6},"end":{"line":38,"column":94}},"7":{"start":{"line":43,"column":0},"end":{"line":43,"column":33}}},"fnMap":{"0":{"name":"(anonymous_0)","decl":{"start":{"line":17,"column":19},"end":{"line":17,"column":20}},"loc":{"start":{"line":17,"column":32},"end":{"line":17,"column":62}},"line":17},"1":{"name":"(anonymous_1)","decl":{"start":{"line":19,"column":18},"end":{"line":19,"column":19}},"loc":{"start":{"line":19,"column":27},"end":{"line":22,"column":5}},"line":19},"2":{"name":"(anonymous_2)","decl":{"start":{"line":35,"column":19},"end":{"line":35,"column":20}},"loc":{"start":{"line":35,"column":32},"end":{"line":35,"column":62}},"line":35},"3":{"name":"(anonymous_3)","decl":{"start":{"line":37,"column":18},"end":{"line":37,"column":19}},"loc":{"start":{"line":37,"column":27},"end":{"line":39,"column":5}},"line":37}},"branchMap":{"0":{"loc":{"start":{"line":7,"column":14},"end":{"line":7,"column":65}},"type":"binary-expr","locations":[{"start":{"line":7,"column":14},"end":{"line":7,"column":56}},{"start":{"line":7,"column":60},"end":{"line":7,"column":65}}],"line":7},"1":{"loc":{"start":{"line":8,"column":9},"end":{"line":8,"column":53}},"type":"binary-expr","locations":[{"start":{"line":8,"column":9},"end":{"line":8,"column":45}},{"start":{"line":8,"column":49},"end":{"line":8,"column":53}}],"line":8},"2":{"loc":{"start":{"line":21,"column":13},"end":{"line":21,"column":64}},"type":"cond-expr","locations":[{"start":{"line":21,"column":26},"end":{"line":21,"column":55}},{"start":{"line":21,"column":58},"end":{"line":21,"column":64}}],"line":21},"3":{"loc":{"start":{"line":38,"column":13},"end":{"line":38,"column":93}},"type":"cond-expr","locations":[{"start":{"line":38,"column":26},"end":{"line":38,"column":63}},{"start":{"line":38,"column":66},"end":{"line":38,"column":93}}],"line":38}},"s":{"0":1,"1":1,"2":1,"3":1,"4":0,"5":1,"6":0,"7":1},"f":{"0":1,"1":0,"2":1,"3":0},"b":{"0":[1,1],"1":[1,1],"2":[0,0],"3":[0,0]},"_coverageSchema":"1a1c01bbd47fc00a2c39e90264f33305004495a9","hash":"3109660b9f56b54c18f384211a78a5654a26357a"}
,"/home/habib-shah/project/captcha-api-service/src/controllers/captchaController.js": {"path":"/home/habib-shah/project/captcha-api-service/src/controllers/captchaController.js","statementMap":{"0":{"start":{"line":1,"column":23},"end":{"line":1,"column":38}},"1":{"start":{"line":2,"column":22},"end":{"line":2,"column":58}},"2":{"start":{"line":3,"column":22},"end":{"line":3,"column":58}},"3":{"start":{"line":4,"column":25},"end":{"line":4,"column":64}},"4":{"start":{"line":5,"column":23},"end":{"line":5,"column":58}},"5":{"start":{"line":6,"column":19},"end":{"line":6,"column":45}},"6":{"start":{"line":10,"column":4},"end":{"line":49,"column":5}},"7":{"start":{"line":11,"column":40},"end":{"line":11,"column":48}},"8":{"start":{"line":12,"column":23},"end":{"line":12,"column":36}},"9":{"start":{"line":15,"column":6},"end":{"line":15,"column":67}},"10":{"start":{"line":18,"column":6},"end":{"line":18,"column":52}},"11":{"start":{"line":21,"column":28},"end":{"line":21,"column":77}},"12":{"start":{"line":24,"column":22},"end":{"line":28,"column":8}},"13":{"start":{"line":31,"column":6},"end":{"line":31,"column":51}},"14":{"start":{"line":33,"column":6},"end":{"line":37,"column":9}},"15":{"start":{"line":39,"column":6},"end":{"line":45,"column":9}},"16":{"start":{"line":48,"column":6},"end":{"line":48,"column":18}},"17":{"start":{"line":53,"column":4},"end":{"line":117,"column":5}},"18":{"start":{"line":54,"column":83},"end":{"line":54,"column":91}},"19":{"start":{"line":55,"column":23},"end":{"line":55,"column":36}},"20":{"start":{"line":58,"column":6},"end":{"line":58,"column":70}},"21":{"start":{"line":61,"column":22},"end":{"line":61,"column":64}},"22":{"start":{"line":62,"column":6},"end":{"line":69,"column":7}},"23":{"start":{"line":63,"column":8},"end":{"line":68,"column":11}},"24":{"start":{"line":72,"column":6},"end":{"line":79,"column":7}},"25":{"start":{"line":73,"column":8},"end":{"line":78,"column":11}},"26":{"start":{"line":82,"column":6},"end":{"line":90,"column":7}},"27":{"start":{"line":83,"column":8},"end":{"line":83,"column":52}},"28":{"start":{"line":84,"column":8},"end":{"line":89,"column":11}},"29":{"start":{"line":93,"column":27},"end":{"line":93,"column":94}},"30":{"start":{"line":96,"column":6},"end":{"line":100,"column":9}},"31":{"start":{"line":102,"column":6},"end":{"line":107,"column":9}},"32":{"start":{"line":109,"column":6},"end":{"line":113,"column":9}},"33":{"start":{"line":116,"column":6},"end":{"line":116,"column":18}},"34":{"start":{"line":121,"column":19},"end":{"line":129,"column":5}},"35":{"start":{"line":131,"column":4},"end":{"line":140,"column":5}},"36":{"start":{"line":133,"column":17},"end":{"line":133,"column":46}},"37":{"start":{"line":134,"column":6},"end":{"line":134,"column":33}},"38":{"start":{"line":135,"column":6},"end":{"line":135,"column":49}},"39":{"start":{"line":137,"column":6},"end":{"line":137,"column":34}},"40":{"start":{"line":138,"column":6},"end":{"line":138,"column":52}},"41":{"start":{"line":139,"column":6},"end":{"line":139,"column":35}},"42":{"start":{"line":142,"column":4},"end":{"line":150,"column":5}},"43":{"start":{"line":144,"column":20},"end":{"line":144,"column":59}},"44":{"start":{"line":145,"column":6},"end":{"line":145,"column":41}},"45":{"start":{"line":146,"column":6},"end":{"line":146,"column":46}},"46":{"start":{"line":148,"column":6},"end":{"line":148,"column":34}},"47":{"start":{"line":149,"column":6},"end":{"line":149,"column":49}},"48":{"start":{"line":152,"column":23},"end":{"line":152,"column":62}},"49":{"start":{"line":153,"column":4},"end":{"line":153,"column":40}},"50":{"start":{"line":157,"column":0},"end":{"line":157,"column":41}}},"fnMap":{"0":{"name":"(anonymous_0)","decl":{"start":{"line":9,"column":2},"end":{"line":9,"column":3}},"loc":{"start":{"line":9,"column":42},"end":{"line":50,"column":3}},"line":9},"1":{"name":"(anonymous_1)","decl":{"start":{"line":52,"column":2},"end":{"line":52,"column":3}},"loc":{"start":{"line":52,"column":39},"end":{"line":118,"column":3}},"line":52},"2":{"name":"(anonymous_2)","decl":{"start":{"line":120,"column":2},"end":{"line":120,"column":3}},"loc":{"start":{"line":120,"column":30},"end":{"line":154,"column":3}},"line":120}},"branchMap":{"0":{"loc":{"start":{"line":11,"column":14},"end":{"line":11,"column":35}},"type":"default-arg","locations":[{"start":{"line":11,"column":27},"end":{"line":11,"column":35}}],"line":11},"1":{"loc":{"start":{"line":62,"column":6},"end":{"line":69,"column":7}},"type":"if","locations":[{"start":{"line":62,"column":6},"end":{"line":69,"column":7}},{"start":{},"end":{}}],"line":62},"2":{"loc":{"start":{"line":72,"column":6},"end":{"line":79,"column":7}},"type":"if","locations":[{"start":{"line":72,"column":6},"end":{"line":79,"column":7}},{"start":{},"end":{}}],"line":72},"3":{"loc":{"start":{"line":82,"column":6},"end":{"line":90,"column":7}},"type":"if","locations":[{"start":{"line":82,"column":6},"end":{"line":90,"column":7}},{"start":{},"end":{}}],"line":82},"4":{"loc":{"start":{"line":124,"column":15},"end":{"line":124,"column":57}},"type":"binary-expr","locations":[{"start":{"line":124,"column":15},"end":{"line":124,"column":46}},{"start":{"line":124,"column":50},"end":{"line":124,"column":57}}],"line":124},"5":{"loc":{"start":{"line":152,"column":23},"end":{"line":152,"column":62}},"type":"cond-expr","locations":[{"start":{"line":152,"column":53},"end":{"line":152,"column":56}},{"start":{"line":152,"column":59},"end":{"line":152,"column":62}}],"line":152}},"s":{"0":1,"1":1,"2":1,"3":1,"4":1,"5":1,"6":0,"7":0,"8":0,"9":0,"10":0,"11":0,"12":0,"13":0,"14":0,"15":0,"16":0,"17":0,"18":0,"19":0,"20":0,"21":0,"22":0,"23":0,"24":0,"25":0,"26":0,"27":0,"28":0,"29":0,"30":0,"31":0,"32":0,"33":0,"34":0,"35":0,"36":0,"37":0,"38":0,"39":0,"40":0,"41":0,"42":0,"43":0,"44":0,"45":0,"46":0,"47":0,"48":0,"49":0,"50":1},"f":{"0":0,"1":0,"2":0},"b":{"0":[0],"1":[0,0],"2":[0,0],"3":[0,0],"4":[0,0],"5":[0,0]},"_coverageSchema":"1a1c01bbd47fc00a2c39e90264f33305004495a9","hash":"b53e3668ecc3de70849cf1a3779a871f93033a91"}
,"/home/habib-shah/project/captcha-api-service/src/middleware/authMiddleware.js": {"path":"/home/habib-shah/project/captcha-api-service/src/middleware/authMiddleware.js","statementMap":{"0":{"start":{"line":1,"column":22},"end":{"line":1,"column":58}},"1":{"start":{"line":2,"column":19},"end":{"line":2,"column":45}},"2":{"start":{"line":6,"column":19},"end":{"line":6,"column":64}},"3":{"start":{"line":8,"column":4},"end":{"line":13,"column":5}},"4":{"start":{"line":9,"column":6},"end":{"line":12,"column":9}},"5":{"start":{"line":15,"column":4},"end":{"line":36,"column":5}},"6":{"start":{"line":16,"column":21},"end":{"line":16,"column":63}},"7":{"start":{"line":17,"column":6},"end":{"line":17,"column":26}},"8":{"start":{"line":19,"column":6},"end":{"line":22,"column":9}},"9":{"start":{"line":24,"column":6},"end":{"line":24,"column":13}},"10":{"start":{"line":26,"column":6},"end":{"line":29,"column":9}},"11":{"start":{"line":31,"column":25},"end":{"line":31,"column":48}},"12":{"start":{"line":32,"column":6},"end":{"line":35,"column":9}},"13":{"start":{"line":40,"column":0},"end":{"line":40,"column":38}}},"fnMap":{"0":{"name":"(anonymous_0)","decl":{"start":{"line":5,"column":2},"end":{"line":5,"column":3}},"loc":{"start":{"line":5,"column":39},"end":{"line":37,"column":3}},"line":5}},"branchMap":{"0":{"loc":{"start":{"line":6,"column":19},"end":{"line":6,"column":64}},"type":"binary-expr","locations":[{"start":{"line":6,"column":19},"end":{"line":6,"column":43}},{"start":{"line":6,"column":47},"end":{"line":6,"column":64}}],"line":6},"1":{"loc":{"start":{"line":8,"column":4},"end":{"line":13,"column":5}},"type":"if","locations":[{"start":{"line":8,"column":4},"end":{"line":13,"column":5}},{"start":{},"end":{}}],"line":8},"2":{"loc":{"start":{"line":31,"column":25},"end":{"line":31,"column":48}},"type":"binary-expr","locations":[{"start":{"line":31,"column":25},"end":{"line":31,"column":41}},{"start":{"line":31,"column":45},"end":{"line":31,"column":48}}],"line":31}},"s":{"0":1,"1":1,"2":0,"3":0,"4":0,"5":0,"6":0,"7":0,"8":0,"9":0,"10":0,"11":0,"12":0,"13":1},"f":{"0":0},"b":{"0":[0,0],"1":[0,0],"2":[0,0]},"_coverageSchema":"1a1c01bbd47fc00a2c39e90264f33305004495a9","hash":"6138e00f7c55a9b0688243068b684a1d80c4639c"}
,"/home/habib-shah/project/captcha-api-service/src/middleware/errorMiddleware.js": {"path":"/home/habib-shah/project/captcha-api-service/src/middleware/errorMiddleware.js","statementMap":{"0":{"start":{"line":1,"column":19},"end":{"line":1,"column":45}},"1":{"start":{"line":5,"column":2},"end":{"line":12,"column":5}},"2":{"start":{"line":15,"column":22},"end":{"line":20,"column":3}},"3":{"start":{"line":23,"column":21},"end":{"line":23,"column":56}},"4":{"start":{"line":26,"column":2},"end":{"line":35,"column":3}},"5":{"start":{"line":27,"column":4},"end":{"line":27,"column":46}},"6":{"start":{"line":28,"column":4},"end":{"line":28,"column":40}},"7":{"start":{"line":29,"column":9},"end":{"line":35,"column":3}},"8":{"start":{"line":30,"column":4},"end":{"line":30,"column":37}},"9":{"start":{"line":31,"column":4},"end":{"line":31,"column":54}},"10":{"start":{"line":32,"column":9},"end":{"line":35,"column":3}},"11":{"start":{"line":33,"column":4},"end":{"line":33,"column":46}},"12":{"start":{"line":34,"column":4},"end":{"line":34,"column":60}},"13":{"start":{"line":38,"column":2},"end":{"line":41,"column":3}},"14":{"start":{"line":39,"column":4},"end":{"line":39,"column":43}},"15":{"start":{"line":40,"column":4},"end":{"line":40,"column":47}},"16":{"start":{"line":44,"column":2},"end":{"line":46,"column":3}},"17":{"start":{"line":45,"column":4},"end":{"line":45,"column":36}},"18":{"start":{"line":48,"column":2},"end":{"line":48,"column":45}},"19":{"start":{"line":51,"column":0},"end":{"line":51,"column":33}}},"fnMap":{"0":{"name":"errorMiddleware","decl":{"start":{"line":3,"column":9},"end":{"line":3,"column":24}},"loc":{"start":{"line":3,"column":46},"end":{"line":49,"column":1}},"line":3}},"branchMap":{"0":{"loc":{"start":{"line":17,"column":13},"end":{"line":19,"column":19}},"type":"cond-expr","locations":[{"start":{"line":18,"column":8},"end":{"line":18,"column":30}},{"start":{"line":19,"column":8},"end":{"line":19,"column":19}}],"line":17},"1":{"loc":{"start":{"line":23,"column":21},"end":{"line":23,"column":56}},"type":"binary-expr","locations":[{"start":{"line":23,"column":21},"end":{"line":23,"column":35}},{"start":{"line":23,"column":39},"end":{"line":23,"column":49}},{"start":{"line":23,"column":53},"end":{"line":23,"column":56}}],"line":23},"2":{"loc":{"start":{"line":26,"column":2},"end":{"line":35,"column":3}},"type":"if","locations":[{"start":{"line":26,"column":2},"end":{"line":35,"column":3}},{"start":{"line":29,"column":9},"end":{"line":35,"column":3}}],"line":26},"3":{"loc":{"start":{"line":29,"column":9},"end":{"line":35,"column":3}},"type":"if","locations":[{"start":{"line":29,"column":9},"end":{"line":35,"column":3}},{"start":{"line":32,"column":9},"end":{"line":35,"column":3}}],"line":29},"4":{"loc":{"start":{"line":32,"column":9},"end":{"line":35,"column":3}},"type":"if","locations":[{"start":{"line":32,"column":9},"end":{"line":35,"column":3}},{"start":{},"end":{}}],"line":32},"5":{"loc":{"start":{"line":38,"column":2},"end":{"line":41,"column":3}},"type":"if","locations":[{"start":{"line":38,"column":2},"end":{"line":41,"column":3}},{"start":{},"end":{}}],"line":38},"6":{"loc":{"start":{"line":38,"column":6},"end":{"line":38,"column":46}},"type":"binary-expr","locations":[{"start":{"line":38,"column":6},"end":{"line":38,"column":28}},{"start":{"line":38,"column":32},"end":{"line":38,"column":46}}],"line":38},"7":{"loc":{"start":{"line":44,"column":2},"end":{"line":46,"column":3}},"type":"if","locations":[{"start":{"line":44,"column":2},"end":{"line":46,"column":3}},{"start":{},"end":{}}],"line":44}},"s":{"0":1,"1":0,"2":0,"3":0,"4":0,"5":0,"6":0,"7":0,"8":0,"9":0,"10":0,"11":0,"12":0,"13":0,"14":0,"15":0,"16":0,"17":0,"18":0,"19":1},"f":{"0":0},"b":{"0":[0,0],"1":[0,0,0],"2":[0,0],"3":[0,0],"4":[0,0],"5":[0,0],"6":[0,0],"7":[0,0]},"_coverageSchema":"1a1c01bbd47fc00a2c39e90264f33305004495a9","hash":"2af76bb03a6a0edfa411228e008b64489a67567c"}
,"/home/habib-shah/project/captcha-api-service/src/middleware/validationMiddleware.js": {"path":"/home/habib-shah/project/captcha-api-service/src/middleware/validationMiddleware.js","statementMap":{"0":{"start":{"line":1,"column":12},"end":{"line":1,"column":26}},"1":{"start":{"line":2,"column":19},"end":{"line":2,"column":45}},"2":{"start":{"line":5,"column":16},"end":{"line":19,"column":1}},"3":{"start":{"line":23,"column":29},"end":{"line":23,"column":65}},"4":{"start":{"line":25,"column":4},"end":{"line":36,"column":5}},"5":{"start":{"line":26,"column":6},"end":{"line":29,"column":9}},"6":{"start":{"line":31,"column":6},"end":{"line":35,"column":9}},"7":{"start":{"line":39,"column":4},"end":{"line":39,"column":21}},"8":{"start":{"line":40,"column":4},"end":{"line":40,"column":11}},"9":{"start":{"line":44,"column":29},"end":{"line":44,"column":62}},"10":{"start":{"line":46,"column":4},"end":{"line":57,"column":5}},"11":{"start":{"line":47,"column":6},"end":{"line":50,"column":9}},"12":{"start":{"line":52,"column":6},"end":{"line":56,"column":9}},"13":{"start":{"line":59,"column":4},"end":{"line":59,"column":21}},"14":{"start":{"line":60,"column":4},"end":{"line":60,"column":11}},"15":{"start":{"line":66,"column":4},"end":{"line":72,"column":5}},"16":{"start":{"line":67,"column":6},"end":{"line":71,"column":9}},"17":{"start":{"line":68,"column":8},"end":{"line":70,"column":9}},"18":{"start":{"line":69,"column":10},"end":{"line":69,"column":66}},"19":{"start":{"line":74,"column":4},"end":{"line":74,"column":11}},"20":{"start":{"line":78,"column":0},"end":{"line":78,"column":44}}},"fnMap":{"0":{"name":"(anonymous_0)","decl":{"start":{"line":22,"column":2},"end":{"line":22,"column":3}},"loc":{"start":{"line":22,"column":43},"end":{"line":41,"column":3}},"line":22},"1":{"name":"(anonymous_1)","decl":{"start":{"line":43,"column":2},"end":{"line":43,"column":3}},"loc":{"start":{"line":43,"column":40},"end":{"line":61,"column":3}},"line":43},"2":{"name":"(anonymous_2)","decl":{"start":{"line":64,"column":2},"end":{"line":64,"column":3}},"loc":{"start":{"line":64,"column":32},"end":{"line":75,"column":3}},"line":64},"3":{"name":"(anonymous_3)","decl":{"start":{"line":67,"column":36},"end":{"line":67,"column":37}},"loc":{"start":{"line":67,"column":43},"end":{"line":71,"column":7}},"line":67}},"branchMap":{"0":{"loc":{"start":{"line":25,"column":4},"end":{"line":36,"column":5}},"type":"if","locations":[{"start":{"line":25,"column":4},"end":{"line":36,"column":5}},{"start":{},"end":{}}],"line":25},"1":{"loc":{"start":{"line":46,"column":4},"end":{"line":57,"column":5}},"type":"if","locations":[{"start":{"line":46,"column":4},"end":{"line":57,"column":5}},{"start":{},"end":{}}],"line":46},"2":{"loc":{"start":{"line":66,"column":4},"end":{"line":72,"column":5}},"type":"if","locations":[{"start":{"line":66,"column":4},"end":{"line":72,"column":5}},{"start":{},"end":{}}],"line":66},"3":{"loc":{"start":{"line":66,"column":8},"end":{"line":66,"column":48}},"type":"binary-expr","locations":[{"start":{"line":66,"column":8},"end":{"line":66,"column":16}},{"start":{"line":66,"column":20},"end":{"line":66,"column":48}}],"line":66},"4":{"loc":{"start":{"line":68,"column":8},"end":{"line":70,"column":9}},"type":"if","locations":[{"start":{"line":68,"column":8},"end":{"line":70,"column":9}},{"start":{},"end":{}}],"line":68}},"s":{"0":1,"1":1,"2":1,"3":0,"4":0,"5":0,"6":0,"7":0,"8":0,"9":0,"10":0,"11":0,"12":0,"13":0,"14":0,"15":0,"16":0,"17":0,"18":0,"19":0,"20":1},"f":{"0":0,"1":0,"2":0,"3":0},"b":{"0":[0,0],"1":[0,0],"2":[0,0],"3":[0,0],"4":[0,0]},"_coverageSchema":"1a1c01bbd47fc00a2c39e90264f33305004495a9","hash":"10074d22abd811fe69959e4b983944c095e298aa"}
,"/home/habib-shah/project/captcha-api-service/src/models/CaptchaSession.js": {"path":"/home/habib-shah/project/captcha-api-service/src/models/CaptchaSession.js","statementMap":{"0":{"start":{"line":1,"column":18},"end":{"line":1,"column":47}},"1":{"start":{"line":5,"column":51},"end":{"line":5,"column":62}},"2":{"start":{"line":7,"column":19},"end":{"line":12,"column":5}},"3":{"start":{"line":14,"column":4},"end":{"line":14,"column":26}},"4":{"start":{"line":18,"column":19},"end":{"line":21,"column":5}},"5":{"start":{"line":22,"column":4},"end":{"line":22,"column":34}},"6":{"start":{"line":26,"column":22},"end":{"line":28,"column":17}},"7":{"start":{"line":27,"column":27},"end":{"line":27,"column":51}},"8":{"start":{"line":30,"column":19},"end":{"line":30,"column":50}},"9":{"start":{"line":32,"column":19},"end":{"line":38,"column":5}},"10":{"start":{"line":40,"column":4},"end":{"line":40,"column":26}},"11":{"start":{"line":44,"column":19},"end":{"line":48,"column":5}},"12":{"start":{"line":49,"column":4},"end":{"line":49,"column":23}},"13":{"start":{"line":53,"column":19},"end":{"line":62,"column":5}},"14":{"start":{"line":63,"column":4},"end":{"line":63,"column":26}},"15":{"start":{"line":67,"column":0},"end":{"line":67,"column":32}}},"fnMap":{"0":{"name":"(anonymous_0)","decl":{"start":{"line":4,"column":2},"end":{"line":4,"column":3}},"loc":{"start":{"line":4,"column":35},"end":{"line":15,"column":3}},"line":4},"1":{"name":"(anonymous_1)","decl":{"start":{"line":17,"column":2},"end":{"line":17,"column":3}},"loc":{"start":{"line":17,"column":28},"end":{"line":23,"column":3}},"line":17},"2":{"name":"(anonymous_2)","decl":{"start":{"line":25,"column":2},"end":{"line":25,"column":3}},"loc":{"start":{"line":25,"column":35},"end":{"line":41,"column":3}},"line":25},"3":{"name":"(anonymous_3)","decl":{"start":{"line":27,"column":11},"end":{"line":27,"column":12}},"loc":{"start":{"line":27,"column":27},"end":{"line":27,"column":51}},"line":27},"4":{"name":"(anonymous_4)","decl":{"start":{"line":43,"column":2},"end":{"line":43,"column":3}},"loc":{"start":{"line":43,"column":31},"end":{"line":50,"column":3}},"line":43},"5":{"name":"(anonymous_5)","decl":{"start":{"line":52,"column":2},"end":{"line":52,"column":3}},"loc":{"start":{"line":52,"column":61},"end":{"line":64,"column":3}},"line":52}},"branchMap":{"0":{"loc":{"start":{"line":22,"column":11},"end":{"line":22,"column":33}},"type":"binary-expr","locations":[{"start":{"line":22,"column":11},"end":{"line":22,"column":25}},{"start":{"line":22,"column":29},"end":{"line":22,"column":33}}],"line":22},"1":{"loc":{"start":{"line":52,"column":40},"end":{"line":52,"column":59}},"type":"default-arg","locations":[{"start":{"line":52,"column":52},"end":{"line":52,"column":59}}],"line":52}},"s":{"0":1,"1":0,"2":0,"3":0,"4":0,"5":0,"6":0,"7":0,"8":0,"9":0,"10":0,"11":0,"12":0,"13":0,"14":0,"15":1},"f":{"0":0,"1":0,"2":0,"3":0,"4":0,"5":0},"b":{"0":[0,0],"1":[0]},"_coverageSchema":"1a1c01bbd47fc00a2c39e90264f33305004495a9","hash":"1b9b08d14d17bbe0638de64e06709a38c566ca84"}
,"/home/habib-shah/project/captcha-api-service/src/models/Client.js": {"path":"/home/habib-shah/project/captcha-api-service/src/models/Client.js","statementMap":{"0":{"start":{"line":1,"column":23},"end":{"line":1,"column":38}},"1":{"start":{"line":2,"column":18},"end":{"line":2,"column":47}},"2":{"start":{"line":6,"column":19},"end":{"line":11,"column":5}},"3":{"start":{"line":12,"column":4},"end":{"line":12,"column":34}},"4":{"start":{"line":16,"column":19},"end":{"line":21,"column":5}},"5":{"start":{"line":22,"column":4},"end":{"line":22,"column":34}},"6":{"start":{"line":26,"column":19},"end":{"line":32,"column":5}},"7":{"start":{"line":33,"column":4},"end":{"line":33,"column":41}},"8":{"start":{"line":37,"column":4},"end":{"line":42,"column":6}},"9":{"start":{"line":46,"column":69},"end":{"line":46,"column":79}},"10":{"start":{"line":48,"column":19},"end":{"line":53,"column":5}},"11":{"start":{"line":55,"column":4},"end":{"line":55,"column":26}},"12":{"start":{"line":59,"column":0},"end":{"line":59,"column":24}}},"fnMap":{"0":{"name":"(anonymous_0)","decl":{"start":{"line":5,"column":2},"end":{"line":5,"column":3}},"loc":{"start":{"line":5,"column":36},"end":{"line":13,"column":3}},"line":5},"1":{"name":"(anonymous_1)","decl":{"start":{"line":15,"column":2},"end":{"line":15,"column":3}},"loc":{"start":{"line":15,"column":28},"end":{"line":23,"column":3}},"line":15},"2":{"name":"(anonymous_2)","decl":{"start":{"line":25,"column":2},"end":{"line":25,"column":3}},"loc":{"start":{"line":25,"column":34},"end":{"line":34,"column":3}},"line":25},"3":{"name":"(anonymous_3)","decl":{"start":{"line":36,"column":2},"end":{"line":36,"column":3}},"loc":{"start":{"line":36,"column":30},"end":{"line":43,"column":3}},"line":36},"4":{"name":"(anonymous_4)","decl":{"start":{"line":45,"column":2},"end":{"line":45,"column":3}},"loc":{"start":{"line":45,"column":34},"end":{"line":56,"column":3}},"line":45}},"branchMap":{"0":{"loc":{"start":{"line":12,"column":11},"end":{"line":12,"column":33}},"type":"binary-expr","locations":[{"start":{"line":12,"column":11},"end":{"line":12,"column":25}},{"start":{"line":12,"column":29},"end":{"line":12,"column":33}}],"line":12},"1":{"loc":{"start":{"line":22,"column":11},"end":{"line":22,"column":33}},"type":"binary-expr","locations":[{"start":{"line":22,"column":11},"end":{"line":22,"column":25}},{"start":{"line":22,"column":29},"end":{"line":22,"column":33}}],"line":22},"2":{"loc":{"start":{"line":46,"column":26},"end":{"line":46,"column":43}},"type":"default-arg","locations":[{"start":{"line":46,"column":37},"end":{"line":46,"column":43}}],"line":46},"3":{"loc":{"start":{"line":46,"column":45},"end":{"line":46,"column":64}},"type":"default-arg","locations":[{"start":{"line":46,"column":60},"end":{"line":46,"column":64}}],"line":46}},"s":{"0":1,"1":1,"2":0,"3":0,"4":0,"5":0,"6":0,"7":0,"8":0,"9":0,"10":0,"11":0,"12":1},"f":{"0":0,"1":0,"2":0,"3":0,"4":0},"b":{"0":[0,0],"1":[0,0],"2":[0],"3":[0]},"_coverageSchema":"1a1c01bbd47fc00a2c39e90264f33305004495a9","hash":"4d508a9a1657ec3d0b61ae7a1531a8818e3d39a6"}
,"/home/habib-shah/project/captcha-api-service/src/services/altchaService.js": {"path":"/home/habib-shah/project/captcha-api-service/src/services/altchaService.js","statementMap":{"0":{"start":{"line":1,"column":54},"end":{"line":1,"column":81}},"1":{"start":{"line":2,"column":26},"end":{"line":2,"column":55}},"2":{"start":{"line":3,"column":19},"end":{"line":3,"column":45}},"3":{"start":{"line":7,"column":19},"end":{"line":7,"column":116}},"4":{"start":{"line":9,"column":17},"end":{"line":9,"column":48}},"5":{"start":{"line":10,"column":19},"end":{"line":10,"column":63}},"6":{"start":{"line":11,"column":22},"end":{"line":11,"column":65}},"7":{"start":{"line":12,"column":26},"end":{"line":12,"column":49}},"8":{"start":{"line":14,"column":23},"end":{"line":20,"column":5}},"9":{"start":{"line":22,"column":4},"end":{"line":27,"column":6}},"10":{"start":{"line":31,"column":4},"end":{"line":77,"column":5}},"11":{"start":{"line":34,"column":6},"end":{"line":38,"column":7}},"12":{"start":{"line":35,"column":8},"end":{"line":35,"column":86}},"13":{"start":{"line":37,"column":8},"end":{"line":37,"column":66}},"14":{"start":{"line":41,"column":64},"end":{"line":41,"column":76}},"15":{"start":{"line":42,"column":6},"end":{"line":44,"column":7}},"16":{"start":{"line":43,"column":8},"end":{"line":43,"column":66}},"17":{"start":{"line":47,"column":32},"end":{"line":47,"column":75}},"18":{"start":{"line":48,"column":36},"end":{"line":48,"column":67}},"19":{"start":{"line":51,"column":6},"end":{"line":53,"column":7}},"20":{"start":{"line":52,"column":8},"end":{"line":52,"column":66}},"21":{"start":{"line":56,"column":32},"end":{"line":56,"column":79}},"22":{"start":{"line":57,"column":22},"end":{"line":57,"column":53}},"23":{"start":{"line":60,"column":20},"end":{"line":60,"column":74}},"24":{"start":{"line":63,"column":25},"end":{"line":63,"column":56}},"25":{"start":{"line":65,"column":6},"end":{"line":70,"column":9}},"26":{"start":{"line":72,"column":6},"end":{"line":72,"column":71}},"27":{"start":{"line":75,"column":6},"end":{"line":75,"column":56}},"28":{"start":{"line":76,"column":6},"end":{"line":76,"column":64}},"29":{"start":{"line":83,"column":17},"end":{"line":83,"column":60}},"30":{"start":{"line":84,"column":4},"end":{"line":84,"column":30}},"31":{"start":{"line":88,"column":4},"end":{"line":90,"column":5}},"32":{"start":{"line":89,"column":6},"end":{"line":89,"column":17}},"33":{"start":{"line":92,"column":16},"end":{"line":92,"column":19}},"34":{"start":{"line":95,"column":4},"end":{"line":97,"column":5}},"35":{"start":{"line":96,"column":6},"end":{"line":96,"column":19}},"36":{"start":{"line":100,"column":4},"end":{"line":102,"column":5}},"37":{"start":{"line":101,"column":6},"end":{"line":101,"column":19}},"38":{"start":{"line":104,"column":4},"end":{"line":104,"column":32}},"39":{"start":{"line":108,"column":4},"end":{"line":114,"column":5}},"40":{"start":{"line":109,"column":6},"end":{"line":109,"column":23}},"41":{"start":{"line":110,"column":11},"end":{"line":114,"column":5}},"42":{"start":{"line":111,"column":6},"end":{"line":111,"column":21}},"43":{"start":{"line":113,"column":6},"end":{"line":113,"column":21}},"44":{"start":{"line":118,"column":4},"end":{"line":122,"column":6}},"45":{"start":{"line":126,"column":0},"end":{"line":126,"column":37}}},"fnMap":{"0":{"name":"(anonymous_0)","decl":{"start":{"line":6,"column":2},"end":{"line":6,"column":3}},"loc":{"start":{"line":6,"column":43},"end":{"line":28,"column":3}},"line":6},"1":{"name":"(anonymous_1)","decl":{"start":{"line":30,"column":2},"end":{"line":30,"column":3}},"loc":{"start":{"line":30,"column":50},"end":{"line":78,"column":3}},"line":30},"2":{"name":"(anonymous_2)","decl":{"start":{"line":80,"column":2},"end":{"line":80,"column":3}},"loc":{"start":{"line":80,"column":45},"end":{"line":85,"column":3}},"line":80},"3":{"name":"(anonymous_3)","decl":{"start":{"line":87,"column":2},"end":{"line":87,"column":3}},"loc":{"start":{"line":87,"column":52},"end":{"line":105,"column":3}},"line":87},"4":{"name":"(anonymous_4)","decl":{"start":{"line":107,"column":2},"end":{"line":107,"column":3}},"loc":{"start":{"line":107,"column":29},"end":{"line":115,"column":3}},"line":107},"5":{"name":"(anonymous_5)","decl":{"start":{"line":117,"column":2},"end":{"line":117,"column":3}},"loc":{"start":{"line":117,"column":56},"end":{"line":123,"column":3}},"line":117}},"branchMap":{"0":{"loc":{"start":{"line":6,"column":20},"end":{"line":6,"column":41}},"type":"default-arg","locations":[{"start":{"line":6,"column":33},"end":{"line":6,"column":41}}],"line":6},"1":{"loc":{"start":{"line":7,"column":19},"end":{"line":7,"column":116}},"type":"binary-expr","locations":[{"start":{"line":7,"column":19},"end":{"line":7,"column":55}},{"start":{"line":7,"column":59},"end":{"line":7,"column":116}}],"line":7},"2":{"loc":{"start":{"line":35,"column":23},"end":{"line":35,"column":85}},"type":"cond-expr","locations":[{"start":{"line":35,"column":54},"end":{"line":35,"column":74}},{"start":{"line":35,"column":77},"end":{"line":35,"column":85}}],"line":35},"3":{"loc":{"start":{"line":42,"column":6},"end":{"line":44,"column":7}},"type":"if","locations":[{"start":{"line":42,"column":6},"end":{"line":44,"column":7}},{"start":{},"end":{}}],"line":42},"4":{"loc":{"start":{"line":42,"column":10},"end":{"line":42,"column":81}},"type":"binary-expr","locations":[{"start":{"line":42,"column":10},"end":{"line":42,"column":20}},{"start":{"line":42,"column":24},"end":{"line":42,"column":34}},{"start":{"line":42,"column":38},"end":{"line":42,"column":43}},{"start":{"line":42,"column":47},"end":{"line":42,"column":57}},{"start":{"line":42,"column":61},"end":{"line":42,"column":81}}],"line":42},"5":{"loc":{"start":{"line":51,"column":6},"end":{"line":53,"column":7}},"type":"if","locations":[{"start":{"line":51,"column":6},"end":{"line":53,"column":7}},{"start":{},"end":{}}],"line":51},"6":{"loc":{"start":{"line":88,"column":4},"end":{"line":90,"column":5}},"type":"if","locations":[{"start":{"line":88,"column":4},"end":{"line":90,"column":5}},{"start":{},"end":{}}],"line":88},"7":{"loc":{"start":{"line":95,"column":4},"end":{"line":97,"column":5}},"type":"if","locations":[{"start":{"line":95,"column":4},"end":{"line":97,"column":5}},{"start":{},"end":{}}],"line":95},"8":{"loc":{"start":{"line":95,"column":8},"end":{"line":95,"column":94}},"type":"binary-expr","locations":[{"start":{"line":95,"column":8},"end":{"line":95,"column":29}},{"start":{"line":95,"column":33},"end":{"line":95,"column":61}},{"start":{"line":95,"column":65},"end":{"line":95,"column":94}}],"line":95},"9":{"loc":{"start":{"line":100,"column":4},"end":{"line":102,"column":5}},"type":"if","locations":[{"start":{"line":100,"column":4},"end":{"line":102,"column":5}},{"start":{},"end":{}}],"line":100},"10":{"loc":{"start":{"line":108,"column":4},"end":{"line":114,"column":5}},"type":"if","locations":[{"start":{"line":108,"column":4},"end":{"line":114,"column":5}},{"start":{"line":110,"column":11},"end":{"line":114,"column":5}}],"line":108},"11":{"loc":{"start":{"line":110,"column":11},"end":{"line":114,"column":5}},"type":"if","locations":[{"start":{"line":110,"column":11},"end":{"line":114,"column":5}},{"start":{"line":112,"column":11},"end":{"line":114,"column":5}}],"line":110}},"s":{"0":2,"1":2,"2":2,"3":2,"4":2,"5":2,"6":2,"7":2,"8":2,"9":2,"10":2,"11":2,"12":2,"13":1,"14":1,"15":1,"16":1,"17":0,"18":0,"19":0,"20":0,"21":0,"22":0,"23":0,"24":0,"25":0,"26":0,"27":0,"28":0,"29":0,"30":0,"31":0,"32":0,"33":0,"34":0,"35":0,"36":0,"37":0,"38":0,"39":0,"40":0,"41":0,"42":0,"43":0,"44":2,"45":2},"f":{"0":2,"1":2,"2":0,"3":0,"4":0,"5":2},"b":{"0":[1],"1":[2,0],"2":[1,1],"3":[1,0],"4":[1,1,0,0,0],"5":[0,0],"6":[0,0],"7":[0,0],"8":[0,0,0],"9":[0,0],"10":[0,0],"11":[0,0]},"_coverageSchema":"1a1c01bbd47fc00a2c39e90264f33305004495a9","hash":"4508522f333e9715daaf47aecb7bea83a712e840"}
,"/home/habib-shah/project/captcha-api-service/src/services/clientService.js": {"path":"/home/habib-shah/project/captcha-api-service/src/services/clientService.js","statementMap":{"0":{"start":{"line":1,"column":15},"end":{"line":1,"column":42}},"1":{"start":{"line":2,"column":26},"end":{"line":2,"column":55}},"2":{"start":{"line":3,"column":19},"end":{"line":3,"column":45}},"3":{"start":{"line":7,"column":4},"end":{"line":26,"column":5}},"4":{"start":{"line":8,"column":21},"end":{"line":8,"column":54}},"5":{"start":{"line":9,"column":6},"end":{"line":13,"column":7}},"6":{"start":{"line":10,"column":22},"end":{"line":10,"column":50}},"7":{"start":{"line":11,"column":8},"end":{"line":11,"column":31}},"8":{"start":{"line":12,"column":8},"end":{"line":12,"column":20}},"9":{"start":{"line":16,"column":6},"end":{"line":20,"column":7}},"10":{"start":{"line":17,"column":22},"end":{"line":17,"column":59}},"11":{"start":{"line":18,"column":8},"end":{"line":18,"column":31}},"12":{"start":{"line":19,"column":8},"end":{"line":19,"column":20}},"13":{"start":{"line":22,"column":6},"end":{"line":22,"column":20}},"14":{"start":{"line":24,"column":6},"end":{"line":24,"column":84}},"15":{"start":{"line":25,"column":6},"end":{"line":25,"column":18}},"16":{"start":{"line":30,"column":19},"end":{"line":30,"column":50}},"17":{"start":{"line":31,"column":4},"end":{"line":35,"column":5}},"18":{"start":{"line":32,"column":20},"end":{"line":32,"column":49}},"19":{"start":{"line":33,"column":6},"end":{"line":33,"column":29}},"20":{"start":{"line":34,"column":6},"end":{"line":34,"column":18}},"21":{"start":{"line":37,"column":25},"end":{"line":37,"column":74}},"22":{"start":{"line":40,"column":16},"end":{"line":40,"column":26}},"23":{"start":{"line":41,"column":4},"end":{"line":45,"column":5}},"24":{"start":{"line":43,"column":6},"end":{"line":43,"column":32}},"25":{"start":{"line":44,"column":6},"end":{"line":44,"column":13}},"26":{"start":{"line":47,"column":4},"end":{"line":52,"column":5}},"27":{"start":{"line":48,"column":20},"end":{"line":48,"column":61}},"28":{"start":{"line":49,"column":6},"end":{"line":49,"column":29}},"29":{"start":{"line":50,"column":6},"end":{"line":50,"column":54}},"30":{"start":{"line":51,"column":6},"end":{"line":51,"column":18}},"31":{"start":{"line":56,"column":4},"end":{"line":61,"column":5}},"32":{"start":{"line":57,"column":6},"end":{"line":57,"column":44}},"33":{"start":{"line":59,"column":6},"end":{"line":59,"column":63}},"34":{"start":{"line":65,"column":16},"end":{"line":65,"column":26}},"35":{"start":{"line":66,"column":22},"end":{"line":66,"column":72}},"36":{"start":{"line":67,"column":4},"end":{"line":67,"column":47}},"37":{"start":{"line":71,"column":4},"end":{"line":71,"column":51}},"38":{"start":{"line":71,"column":38},"end":{"line":71,"column":51}},"39":{"start":{"line":72,"column":4},"end":{"line":72,"column":80}},"40":{"start":{"line":76,"column":0},"end":{"line":76,"column":37}}},"fnMap":{"0":{"name":"(anonymous_0)","decl":{"start":{"line":6,"column":2},"end":{"line":6,"column":3}},"loc":{"start":{"line":6,"column":31},"end":{"line":27,"column":3}},"line":6},"1":{"name":"(anonymous_1)","decl":{"start":{"line":29,"column":2},"end":{"line":29,"column":3}},"loc":{"start":{"line":29,"column":34},"end":{"line":53,"column":3}},"line":29},"2":{"name":"(anonymous_2)","decl":{"start":{"line":55,"column":2},"end":{"line":55,"column":3}},"loc":{"start":{"line":55,"column":33},"end":{"line":62,"column":3}},"line":55},"3":{"name":"(anonymous_3)","decl":{"start":{"line":64,"column":2},"end":{"line":64,"column":3}},"loc":{"start":{"line":64,"column":26},"end":{"line":68,"column":3}},"line":64},"4":{"name":"(anonymous_4)","decl":{"start":{"line":70,"column":2},"end":{"line":70,"column":3}},"loc":{"start":{"line":70,"column":21},"end":{"line":73,"column":3}},"line":70}},"branchMap":{"0":{"loc":{"start":{"line":9,"column":6},"end":{"line":13,"column":7}},"type":"if","locations":[{"start":{"line":9,"column":6},"end":{"line":13,"column":7}},{"start":{},"end":{}}],"line":9},"1":{"loc":{"start":{"line":16,"column":6},"end":{"line":20,"column":7}},"type":"if","locations":[{"start":{"line":16,"column":6},"end":{"line":20,"column":7}},{"start":{},"end":{}}],"line":16},"2":{"loc":{"start":{"line":31,"column":4},"end":{"line":35,"column":5}},"type":"if","locations":[{"start":{"line":31,"column":4},"end":{"line":35,"column":5}},{"start":{},"end":{}}],"line":31},"3":{"loc":{"start":{"line":37,"column":25},"end":{"line":37,"column":74}},"type":"binary-expr","locations":[{"start":{"line":37,"column":25},"end":{"line":37,"column":66}},{"start":{"line":37,"column":70},"end":{"line":37,"column":74}}],"line":37},"4":{"loc":{"start":{"line":41,"column":4},"end":{"line":45,"column":5}},"type":"if","locations":[{"start":{"line":41,"column":4},"end":{"line":45,"column":5}},{"start":{},"end":{}}],"line":41},"5":{"loc":{"start":{"line":41,"column":8},"end":{"line":42,"column":60}},"type":"binary-expr","locations":[{"start":{"line":41,"column":8},"end":{"line":41,"column":54}},{"start":{"line":42,"column":8},"end":{"line":42,"column":60}}],"line":41},"6":{"loc":{"start":{"line":47,"column":4},"end":{"line":52,"column":5}},"type":"if","locations":[{"start":{"line":47,"column":4},"end":{"line":52,"column":5}},{"start":{},"end":{}}],"line":47},"7":{"loc":{"start":{"line":71,"column":4},"end":{"line":71,"column":51}},"type":"if","locations":[{"start":{"line":71,"column":4},"end":{"line":71,"column":51}},{"start":{},"end":{}}],"line":71},"8":{"loc":{"start":{"line":71,"column":8},"end":{"line":71,"column":36}},"type":"binary-expr","locations":[{"start":{"line":71,"column":8},"end":{"line":71,"column":15}},{"start":{"line":71,"column":19},"end":{"line":71,"column":36}}],"line":71}},"s":{"0":1,"1":1,"2":1,"3":0,"4":0,"5":0,"6":0,"7":0,"8":0,"9":0,"10":0,"11":0,"12":0,"13":0,"14":0,"15":0,"16":0,"17":0,"18":0,"19":0,"20":0,"21":0,"22":0,"23":0,"24":0,"25":0,"26":0,"27":0,"28":0,"29":0,"30":0,"31":0,"32":0,"33":0,"34":0,"35":0,"36":0,"37":0,"38":0,"39":0,"40":1},"f":{"0":0,"1":0,"2":0,"3":0,"4":0},"b":{"0":[0,0],"1":[0,0],"2":[0,0],"3":[0,0],"4":[0,0],"5":[0,0],"6":[0,0],"7":[0,0],"8":[0,0]},"_coverageSchema":"1a1c01bbd47fc00a2c39e90264f33305004495a9","hash":"fec5af47551629dad0dae98d7b309d68c22200ec"}
,"/home/habib-shah/project/captcha-api-service/src/services/rateLimitService.js": {"path":"/home/habib-shah/project/captcha-api-service/src/services/rateLimitService.js","statementMap":{"0":{"start":{"line":1,"column":14},"end":{"line":1,"column":30}},"1":{"start":{"line":2,"column":19},"end":{"line":2,"column":45}},"2":{"start":{"line":6,"column":4},"end":{"line":6,"column":23}},"3":{"start":{"line":7,"column":4},"end":{"line":7,"column":27}},"4":{"start":{"line":11,"column":4},"end":{"line":36,"column":5}},"5":{"start":{"line":12,"column":6},"end":{"line":18,"column":9}},"6":{"start":{"line":20,"column":6},"end":{"line":22,"column":9}},"7":{"start":{"line":21,"column":8},"end":{"line":21,"column":49}},"8":{"start":{"line":24,"column":6},"end":{"line":26,"column":9}},"9":{"start":{"line":25,"column":8},"end":{"line":25,"column":46}},"10":{"start":{"line":28,"column":6},"end":{"line":30,"column":9}},"11":{"start":{"line":29,"column":8},"end":{"line":29,"column":42}},"12":{"start":{"line":32,"column":6},"end":{"line":32,"column":34}},"13":{"start":{"line":34,"column":6},"end":{"line":34,"column":57}},"14":{"start":{"line":41,"column":4},"end":{"line":43,"column":5}},"15":{"start":{"line":42,"column":6},"end":{"line":42,"column":13}},"16":{"start":{"line":45,"column":16},"end":{"line":45,"column":54}},"17":{"start":{"line":46,"column":16},"end":{"line":46,"column":26}},"18":{"start":{"line":47,"column":24},"end":{"line":47,"column":38}},"19":{"start":{"line":49,"column":4},"end":{"line":81,"column":5}},"20":{"start":{"line":51,"column":20},"end":{"line":51,"column":39}},"21":{"start":{"line":54,"column":6},"end":{"line":54,"column":50}},"22":{"start":{"line":57,"column":6},"end":{"line":57,"column":42}},"23":{"start":{"line":60,"column":6},"end":{"line":60,"column":61}},"24":{"start":{"line":63,"column":6},"end":{"line":63,"column":52}},"25":{"start":{"line":65,"column":22},"end":{"line":65,"column":40}},"26":{"start":{"line":66,"column":27},"end":{"line":66,"column":37}},"27":{"start":{"line":68,"column":6},"end":{"line":73,"column":7}},"28":{"start":{"line":69,"column":22},"end":{"line":69,"column":54}},"29":{"start":{"line":70,"column":8},"end":{"line":70,"column":31}},"30":{"start":{"line":71,"column":8},"end":{"line":71,"column":65}},"31":{"start":{"line":72,"column":8},"end":{"line":72,"column":20}},"32":{"start":{"line":76,"column":6},"end":{"line":78,"column":7}},"33":{"start":{"line":77,"column":8},"end":{"line":77,"column":20}},"34":{"start":{"line":79,"column":6},"end":{"line":79,"column":61}},"35":{"start":{"line":85,"column":4},"end":{"line":87,"column":5}},"36":{"start":{"line":86,"column":6},"end":{"line":86,"column":67}},"37":{"start":{"line":88,"column":4},"end":{"line":88,"column":29}},"38":{"start":{"line":92,"column":4},"end":{"line":94,"column":5}},"39":{"start":{"line":93,"column":6},"end":{"line":93,"column":31}},"40":{"start":{"line":99,"column":4},"end":{"line":101,"column":5}},"41":{"start":{"line":100,"column":6},"end":{"line":100,"column":35}},"42":{"start":{"line":102,"column":4},"end":{"line":102,"column":41}},"43":{"start":{"line":106,"column":0},"end":{"line":106,"column":40}}},"fnMap":{"0":{"name":"(anonymous_0)","decl":{"start":{"line":5,"column":2},"end":{"line":5,"column":3}},"loc":{"start":{"line":5,"column":16},"end":{"line":8,"column":3}},"line":5},"1":{"name":"(anonymous_1)","decl":{"start":{"line":10,"column":2},"end":{"line":10,"column":3}},"loc":{"start":{"line":10,"column":26},"end":{"line":37,"column":3}},"line":10},"2":{"name":"(anonymous_2)","decl":{"start":{"line":20,"column":30},"end":{"line":20,"column":31}},"loc":{"start":{"line":20,"column":39},"end":{"line":22,"column":7}},"line":20},"3":{"name":"(anonymous_3)","decl":{"start":{"line":24,"column":32},"end":{"line":24,"column":33}},"loc":{"start":{"line":24,"column":38},"end":{"line":26,"column":7}},"line":24},"4":{"name":"(anonymous_4)","decl":{"start":{"line":28,"column":30},"end":{"line":28,"column":31}},"loc":{"start":{"line":28,"column":36},"end":{"line":30,"column":7}},"line":28},"5":{"name":"(anonymous_5)","decl":{"start":{"line":40,"column":2},"end":{"line":40,"column":3}},"loc":{"start":{"line":40,"column":103},"end":{"line":82,"column":3}},"line":40},"6":{"name":"(anonymous_6)","decl":{"start":{"line":84,"column":2},"end":{"line":84,"column":3}},"loc":{"start":{"line":84,"column":31},"end":{"line":89,"column":3}},"line":84},"7":{"name":"(anonymous_7)","decl":{"start":{"line":91,"column":2},"end":{"line":91,"column":3}},"loc":{"start":{"line":91,"column":21},"end":{"line":95,"column":3}},"line":91},"8":{"name":"(anonymous_8)","decl":{"start":{"line":98,"column":2},"end":{"line":98,"column":3}},"loc":{"start":{"line":98,"column":20},"end":{"line":103,"column":3}},"line":98}},"branchMap":{"0":{"loc":{"start":{"line":40,"column":41},"end":{"line":40,"column":63}},"type":"default-arg","locations":[{"start":{"line":40,"column":52},"end":{"line":40,"column":63}}],"line":40},"1":{"loc":{"start":{"line":40,"column":65},"end":{"line":40,"column":81}},"type":"default-arg","locations":[{"start":{"line":40,"column":76},"end":{"line":40,"column":81}}],"line":40},"2":{"loc":{"start":{"line":40,"column":83},"end":{"line":40,"column":101}},"type":"default-arg","locations":[{"start":{"line":40,"column":97},"end":{"line":40,"column":101}}],"line":40},"3":{"loc":{"start":{"line":41,"column":4},"end":{"line":43,"column":5}},"type":"if","locations":[{"start":{"line":41,"column":4},"end":{"line":43,"column":5}},{"start":{},"end":{}}],"line":41},"4":{"loc":{"start":{"line":41,"column":8},"end":{"line":41,"column":43}},"type":"binary-expr","locations":[{"start":{"line":41,"column":8},"end":{"line":41,"column":20}},{"start":{"line":41,"column":24},"end":{"line":41,"column":43}}],"line":41},"5":{"loc":{"start":{"line":68,"column":6},"end":{"line":73,"column":7}},"type":"if","locations":[{"start":{"line":68,"column":6},"end":{"line":73,"column":7}},{"start":{},"end":{}}],"line":68},"6":{"loc":{"start":{"line":76,"column":6},"end":{"line":78,"column":7}},"type":"if","locations":[{"start":{"line":76,"column":6},"end":{"line":78,"column":7}},{"start":{},"end":{}}],"line":76},"7":{"loc":{"start":{"line":85,"column":4},"end":{"line":87,"column":5}},"type":"if","locations":[{"start":{"line":85,"column":4},"end":{"line":87,"column":5}},{"start":{},"end":{}}],"line":85},"8":{"loc":{"start":{"line":85,"column":8},"end":{"line":85,"column":43}},"type":"binary-expr","locations":[{"start":{"line":85,"column":8},"end":{"line":85,"column":20}},{"start":{"line":85,"column":24},"end":{"line":85,"column":43}}],"line":85},"9":{"loc":{"start":{"line":92,"column":4},"end":{"line":94,"column":5}},"type":"if","locations":[{"start":{"line":92,"column":4},"end":{"line":94,"column":5}},{"start":{},"end":{}}],"line":92},"10":{"loc":{"start":{"line":92,"column":8},"end":{"line":92,"column":41}},"type":"binary-expr","locations":[{"start":{"line":92,"column":8},"end":{"line":92,"column":19}},{"start":{"line":92,"column":23},"end":{"line":92,"column":41}}],"line":92},"11":{"loc":{"start":{"line":99,"column":4},"end":{"line":101,"column":5}},"type":"if","locations":[{"start":{"line":99,"column":4},"end":{"line":101,"column":5}},{"start":{},"end":{}}],"line":99},"12":{"loc":{"start":{"line":99,"column":8},"end":{"line":99,"column":43}},"type":"binary-expr","locations":[{"start":{"line":99,"column":8},"end":{"line":99,"column":20}},{"start":{"line":99,"column":24},"end":{"line":99,"column":43}}],"line":99}},"s":{"0":1,"1":1,"2":1,"3":1,"4":1,"5":1,"6":1,"7":0,"8":1,"9":1,"10":1,"11":1,"12":1,"13":0,"14":0,"15":0,"16":0,"17":0,"18":0,"19":0,"20":0,"21":0,"22":0,"23":0,"24":0,"25":0,"26":0,"27":0,"28":0,"29":0,"30":0,"31":0,"32":0,"33":0,"34":0,"35":0,"36":0,"37":0,"38":0,"39":0,"40":0,"41":0,"42":0,"43":1},"f":{"0":1,"1":1,"2":0,"3":1,"4":1,"5":0,"6":0,"7":0,"8":0},"b":{"0":[0],"1":[0],"2":[0],"3":[0,0],"4":[0,0],"5":[0,0],"6":[0,0],"7":[0,0],"8":[0,0],"9":[0,0],"10":[0,0],"11":[0,0],"12":[0,0]},"_coverageSchema":"1a1c01bbd47fc00a2c39e90264f33305004495a9","hash":"dca9a8ccc948d7408284405593aae4be3da9e1e6"}
,"/home/habib-shah/project/captcha-api-service/src/utils/logger.js": {"path":"/home/habib-shah/project/captcha-api-service/src/utils/logger.js","statementMap":{"0":{"start":{"line":1,"column":16},"end":{"line":1,"column":34}},"1":{"start":{"line":3,"column":15},"end":{"line":29,"column":2}},"2":{"start":{"line":32,"column":0},"end":{"line":39,"column":1}},"3":{"start":{"line":33,"column":2},"end":{"line":38,"column":6}},"4":{"start":{"line":42,"column":0},"end":{"line":46,"column":2}},"5":{"start":{"line":44,"column":4},"end":{"line":44,"column":32}},"6":{"start":{"line":48,"column":0},"end":{"line":48,"column":28}}},"fnMap":{"0":{"name":"(anonymous_0)","decl":{"start":{"line":43,"column":9},"end":{"line":43,"column":10}},"loc":{"start":{"line":43,"column":22},"end":{"line":45,"column":3}},"line":43}},"branchMap":{"0":{"loc":{"start":{"line":4,"column":9},"end":{"line":4,"column":40}},"type":"binary-expr","locations":[{"start":{"line":4,"column":9},"end":{"line":4,"column":30}},{"start":{"line":4,"column":34},"end":{"line":4,"column":40}}],"line":4},"1":{"loc":{"start":{"line":32,"column":0},"end":{"line":39,"column":1}},"type":"if","locations":[{"start":{"line":32,"column":0},"end":{"line":39,"column":1}},{"start":{},"end":{}}],"line":32}},"s":{"0":2,"1":2,"2":2,"3":2,"4":2,"5":0,"6":2},"f":{"0":0},"b":{"0":[2,2],"1":[2,0]},"_coverageSchema":"1a1c01bbd47fc00a2c39e90264f33305004495a9","hash":"9de3c3f7e1fc6ca8e3e1259d3cf9a8f87c4a2094"}
,"/home/habib-shah/project/captcha-api-service/src/utils/validation.js": {"path":"/home/habib-shah/project/captcha-api-service/src/utils/validation.js","statementMap":{"0":{"start":{"line":1,"column":12},"end":{"line":1,"column":26}},"1":{"start":{"line":4,"column":19},"end":{"line":4,"column":59}},"2":{"start":{"line":7,"column":21},"end":{"line":7,"column":50}},"3":{"start":{"line":10,"column":25},"end":{"line":10,"column":69}},"4":{"start":{"line":13,"column":24},"end":{"line":13,"column":40}},"5":{"start":{"line":16,"column":24},"end":{"line":44,"column":1}},"6":{"start":{"line":46,"column":0},"end":{"line":52,"column":2}}},"fnMap":{},"branchMap":{},"s":{"0":0,"1":0,"2":0,"3":0,"4":0,"5":0,"6":0},"f":{},"b":{}}
}
