TN:
SF:src/app.js
FN:39,(anonymous_0)
FN:75,(anonymous_1)
FNF:2
FNH:0
FNDA:0,(anonymous_0)
FNDA:0,(anonymous_1)
DA:1,1
DA:2,1
DA:3,1
DA:4,1
DA:5,1
DA:6,1
DA:7,1
DA:9,1
DA:10,1
DA:11,1
DA:12,1
DA:13,1
DA:15,1
DA:18,1
DA:23,1
DA:31,1
DA:32,1
DA:35,1
DA:38,1
DA:39,0
DA:43,1
DA:50,1
DA:53,1
DA:54,1
DA:57,1
DA:60,1
DA:67,1
DA:75,1
DA:76,0
DA:83,1
DA:85,1
LF:31
LH:29
BRDA:24,0,0,0
BRDA:24,0,1,1
BRF:2
BRH:1
end_of_record
TN:
SF:src/config/altcha.js
FN:30,generateSalt
FN:35,generateHash
FNF:2
FNH:2
FNDA:2,generateSalt
FNDA:2,generateHash
DA:1,2
DA:3,2
DA:31,2
DA:36,2
DA:39,2
LF:5
LH:5
BRDA:26,0,0,2
BRDA:26,0,1,2
BRF:2
BRH:2
end_of_record
TN:
SF:src/config/database.js
FN:5,(anonymous_0)
FN:38,initializeDatabase
FN:52,query
FNF:3
FNH:2
FNDA:1,(anonymous_0)
FNDA:0,initializeDatabase
FNDA:1,query
DA:1,1
DA:2,1
DA:5,1
DA:6,1
DA:7,0
DA:8,0
DA:10,0
DA:23,1
DA:35,1
DA:39,0
DA:40,0
DA:41,0
DA:44,0
DA:46,0
DA:47,0
DA:53,1
DA:54,1
DA:55,1
DA:56,1
DA:57,1
DA:62,1
DA:64,0
DA:68,0
DA:72,1
LF:24
LH:13
BRDA:6,0,0,0
BRDA:6,0,1,1
BRDA:14,1,0,0
BRDA:14,1,1,0
BRDA:17,2,0,0
BRDA:17,2,1,0
BRDA:18,3,0,0
BRDA:18,3,1,0
BRDA:19,4,0,0
BRDA:19,4,1,0
BRDA:26,5,0,1
BRDA:26,5,1,0
BRDA:29,6,0,1
BRDA:29,6,1,1
BRDA:30,7,0,1
BRDA:30,7,1,1
BRDA:31,8,0,1
BRDA:31,8,1,1
BRF:18
BRH:8
end_of_record
TN:
SF:src/config/features.js
FNF:0
FNH:0
DA:1,2
DA:19,2
DA:44,2
LF:3
LH:3
BRF:0
BRH:0
end_of_record
TN:
SF:src/config/rateLimit.js
FN:17,(anonymous_0)
FN:19,(anonymous_1)
FN:35,(anonymous_2)
FN:37,(anonymous_3)
FNF:4
FNH:2
FNDA:1,(anonymous_0)
FNDA:0,(anonymous_1)
FNDA:1,(anonymous_2)
FNDA:0,(anonymous_3)
DA:1,1
DA:2,1
DA:4,1
DA:17,1
DA:21,0
DA:35,1
DA:38,0
DA:43,1
LF:8
LH:6
BRDA:7,0,0,1
BRDA:7,0,1,1
BRDA:8,1,0,1
BRDA:8,1,1,1
BRDA:21,2,0,0
BRDA:21,2,1,0
BRDA:38,3,0,0
BRDA:38,3,1,0
BRF:8
BRH:4
end_of_record
TN:
SF:src/controllers/captchaController.js
FN:9,(anonymous_0)
FN:52,(anonymous_1)
FN:120,(anonymous_2)
FNF:3
FNH:0
FNDA:0,(anonymous_0)
FNDA:0,(anonymous_1)
FNDA:0,(anonymous_2)
DA:1,1
DA:2,1
DA:3,1
DA:4,1
DA:5,1
DA:6,1
DA:10,0
DA:11,0
DA:12,0
DA:15,0
DA:18,0
DA:21,0
DA:24,0
DA:31,0
DA:33,0
DA:39,0
DA:48,0
DA:53,0
DA:54,0
DA:55,0
DA:58,0
DA:61,0
DA:62,0
DA:63,0
DA:72,0
DA:73,0
DA:82,0
DA:83,0
DA:84,0
DA:93,0
DA:96,0
DA:102,0
DA:109,0
DA:116,0
DA:121,0
DA:131,0
DA:133,0
DA:134,0
DA:135,0
DA:137,0
DA:138,0
DA:139,0
DA:142,0
DA:144,0
DA:145,0
DA:146,0
DA:148,0
DA:149,0
DA:152,0
DA:153,0
DA:157,1
LF:51
LH:7
BRDA:11,0,0,0
BRDA:62,1,0,0
BRDA:62,1,1,0
BRDA:72,2,0,0
BRDA:72,2,1,0
BRDA:82,3,0,0
BRDA:82,3,1,0
BRDA:124,4,0,0
BRDA:124,4,1,0
BRDA:152,5,0,0
BRDA:152,5,1,0
BRF:11
BRH:0
end_of_record
TN:
SF:src/middleware/authMiddleware.js
FN:5,(anonymous_0)
FNF:1
FNH:0
FNDA:0,(anonymous_0)
DA:1,1
DA:2,1
DA:6,0
DA:8,0
DA:9,0
DA:15,0
DA:16,0
DA:17,0
DA:19,0
DA:24,0
DA:26,0
DA:31,0
DA:32,0
DA:40,1
LF:14
LH:3
BRDA:6,0,0,0
BRDA:6,0,1,0
BRDA:8,1,0,0
BRDA:8,1,1,0
BRDA:31,2,0,0
BRDA:31,2,1,0
BRF:6
BRH:0
end_of_record
TN:
SF:src/middleware/errorMiddleware.js
FN:3,errorMiddleware
FNF:1
FNH:0
FNDA:0,errorMiddleware
DA:1,1
DA:5,0
DA:15,0
DA:23,0
DA:26,0
DA:27,0
DA:28,0
DA:29,0
DA:30,0
DA:31,0
DA:32,0
DA:33,0
DA:34,0
DA:38,0
DA:39,0
DA:40,0
DA:44,0
DA:45,0
DA:48,0
DA:51,1
LF:20
LH:2
BRDA:17,0,0,0
BRDA:17,0,1,0
BRDA:23,1,0,0
BRDA:23,1,1,0
BRDA:23,1,2,0
BRDA:26,2,0,0
BRDA:26,2,1,0
BRDA:29,3,0,0
BRDA:29,3,1,0
BRDA:32,4,0,0
BRDA:32,4,1,0
BRDA:38,5,0,0
BRDA:38,5,1,0
BRDA:38,6,0,0
BRDA:38,6,1,0
BRDA:44,7,0,0
BRDA:44,7,1,0
BRF:17
BRH:0
end_of_record
TN:
SF:src/middleware/validationMiddleware.js
FN:22,(anonymous_0)
FN:43,(anonymous_1)
FN:64,(anonymous_2)
FN:67,(anonymous_3)
FNF:4
FNH:0
FNDA:0,(anonymous_0)
FNDA:0,(anonymous_1)
FNDA:0,(anonymous_2)
FNDA:0,(anonymous_3)
DA:1,1
DA:2,1
DA:5,1
DA:23,0
DA:25,0
DA:26,0
DA:31,0
DA:39,0
DA:40,0
DA:44,0
DA:46,0
DA:47,0
DA:52,0
DA:59,0
DA:60,0
DA:66,0
DA:67,0
DA:68,0
DA:69,0
DA:74,0
DA:78,1
LF:21
LH:4
BRDA:25,0,0,0
BRDA:25,0,1,0
BRDA:46,1,0,0
BRDA:46,1,1,0
BRDA:66,2,0,0
BRDA:66,2,1,0
BRDA:66,3,0,0
BRDA:66,3,1,0
BRDA:68,4,0,0
BRDA:68,4,1,0
BRF:10
BRH:0
end_of_record
TN:
SF:src/models/CaptchaSession.js
FN:4,(anonymous_0)
FN:17,(anonymous_1)
FN:25,(anonymous_2)
FN:27,(anonymous_3)
FN:43,(anonymous_4)
FN:52,(anonymous_5)
FNF:6
FNH:0
FNDA:0,(anonymous_0)
FNDA:0,(anonymous_1)
FNDA:0,(anonymous_2)
FNDA:0,(anonymous_3)
FNDA:0,(anonymous_4)
FNDA:0,(anonymous_5)
DA:1,1
DA:5,0
DA:7,0
DA:14,0
DA:18,0
DA:22,0
DA:26,0
DA:27,0
DA:30,0
DA:32,0
DA:40,0
DA:44,0
DA:49,0
DA:53,0
DA:63,0
DA:67,1
LF:16
LH:2
BRDA:22,0,0,0
BRDA:22,0,1,0
BRDA:52,1,0,0
BRF:3
BRH:0
end_of_record
TN:
SF:src/models/Client.js
FN:5,(anonymous_0)
FN:15,(anonymous_1)
FN:25,(anonymous_2)
FN:36,(anonymous_3)
FN:45,(anonymous_4)
FNF:5
FNH:0
FNDA:0,(anonymous_0)
FNDA:0,(anonymous_1)
FNDA:0,(anonymous_2)
FNDA:0,(anonymous_3)
FNDA:0,(anonymous_4)
DA:1,1
DA:2,1
DA:6,0
DA:12,0
DA:16,0
DA:22,0
DA:26,0
DA:33,0
DA:37,0
DA:46,0
DA:48,0
DA:55,0
DA:59,1
LF:13
LH:3
BRDA:12,0,0,0
BRDA:12,0,1,0
BRDA:22,1,0,0
BRDA:22,1,1,0
BRDA:46,2,0,0
BRDA:46,3,0,0
BRF:6
BRH:0
end_of_record
TN:
SF:src/services/altchaService.js
FN:6,(anonymous_0)
FN:30,(anonymous_1)
FN:80,(anonymous_2)
FN:87,(anonymous_3)
FN:107,(anonymous_4)
FN:117,(anonymous_5)
FNF:6
FNH:3
FNDA:2,(anonymous_0)
FNDA:2,(anonymous_1)
FNDA:0,(anonymous_2)
FNDA:0,(anonymous_3)
FNDA:0,(anonymous_4)
FNDA:2,(anonymous_5)
DA:1,2
DA:2,2
DA:3,2
DA:7,2
DA:9,2
DA:10,2
DA:11,2
DA:12,2
DA:14,2
DA:22,2
DA:31,2
DA:34,2
DA:35,2
DA:37,1
DA:41,1
DA:42,1
DA:43,1
DA:47,0
DA:48,0
DA:51,0
DA:52,0
DA:56,0
DA:57,0
DA:60,0
DA:63,0
DA:65,0
DA:72,0
DA:75,0
DA:76,0
DA:83,0
DA:84,0
DA:88,0
DA:89,0
DA:92,0
DA:95,0
DA:96,0
DA:100,0
DA:101,0
DA:104,0
DA:108,0
DA:109,0
DA:110,0
DA:111,0
DA:113,0
DA:118,2
DA:126,2
LF:46
LH:19
BRDA:6,0,0,1
BRDA:7,1,0,2
BRDA:7,1,1,0
BRDA:35,2,0,1
BRDA:35,2,1,1
BRDA:42,3,0,1
BRDA:42,3,1,0
BRDA:42,4,0,1
BRDA:42,4,1,1
BRDA:42,4,2,0
BRDA:42,4,3,0
BRDA:42,4,4,0
BRDA:51,5,0,0
BRDA:51,5,1,0
BRDA:88,6,0,0
BRDA:88,6,1,0
BRDA:95,7,0,0
BRDA:95,7,1,0
BRDA:95,8,0,0
BRDA:95,8,1,0
BRDA:95,8,2,0
BRDA:100,9,0,0
BRDA:100,9,1,0
BRDA:108,10,0,0
BRDA:108,10,1,0
BRDA:110,11,0,0
BRDA:110,11,1,0
BRF:27
BRH:7
end_of_record
TN:
SF:src/services/clientService.js
FN:6,(anonymous_0)
FN:29,(anonymous_1)
FN:55,(anonymous_2)
FN:64,(anonymous_3)
FN:70,(anonymous_4)
FNF:5
FNH:0
FNDA:0,(anonymous_0)
FNDA:0,(anonymous_1)
FNDA:0,(anonymous_2)
FNDA:0,(anonymous_3)
FNDA:0,(anonymous_4)
DA:1,1
DA:2,1
DA:3,1
DA:7,0
DA:8,0
DA:9,0
DA:10,0
DA:11,0
DA:12,0
DA:16,0
DA:17,0
DA:18,0
DA:19,0
DA:22,0
DA:24,0
DA:25,0
DA:30,0
DA:31,0
DA:32,0
DA:33,0
DA:34,0
DA:37,0
DA:40,0
DA:41,0
DA:43,0
DA:44,0
DA:47,0
DA:48,0
DA:49,0
DA:50,0
DA:51,0
DA:56,0
DA:57,0
DA:59,0
DA:65,0
DA:66,0
DA:67,0
DA:71,0
DA:72,0
DA:76,1
LF:40
LH:4
BRDA:9,0,0,0
BRDA:9,0,1,0
BRDA:16,1,0,0
BRDA:16,1,1,0
BRDA:31,2,0,0
BRDA:31,2,1,0
BRDA:37,3,0,0
BRDA:37,3,1,0
BRDA:41,4,0,0
BRDA:41,4,1,0
BRDA:41,5,0,0
BRDA:41,5,1,0
BRDA:47,6,0,0
BRDA:47,6,1,0
BRDA:71,7,0,0
BRDA:71,7,1,0
BRDA:71,8,0,0
BRDA:71,8,1,0
BRF:18
BRH:0
end_of_record
TN:
SF:src/services/rateLimitService.js
FN:5,(anonymous_0)
FN:10,(anonymous_1)
FN:20,(anonymous_2)
FN:24,(anonymous_3)
FN:28,(anonymous_4)
FN:40,(anonymous_5)
FN:84,(anonymous_6)
FN:91,(anonymous_7)
FN:98,(anonymous_8)
FNF:9
FNH:4
FNDA:1,(anonymous_0)
FNDA:1,(anonymous_1)
FNDA:0,(anonymous_2)
FNDA:1,(anonymous_3)
FNDA:1,(anonymous_4)
FNDA:0,(anonymous_5)
FNDA:0,(anonymous_6)
FNDA:0,(anonymous_7)
FNDA:0,(anonymous_8)
DA:1,1
DA:2,1
DA:6,1
DA:7,1
DA:11,1
DA:12,1
DA:20,1
DA:21,0
DA:24,1
DA:25,1
DA:28,1
DA:29,1
DA:32,1
DA:34,0
DA:41,0
DA:42,0
DA:45,0
DA:46,0
DA:47,0
DA:49,0
DA:51,0
DA:54,0
DA:57,0
DA:60,0
DA:63,0
DA:65,0
DA:66,0
DA:68,0
DA:69,0
DA:70,0
DA:71,0
DA:72,0
DA:76,0
DA:77,0
DA:79,0
DA:85,0
DA:86,0
DA:88,0
DA:92,0
DA:93,0
DA:99,0
DA:100,0
DA:102,0
DA:106,1
LF:44
LH:13
BRDA:40,0,0,0
BRDA:40,1,0,0
BRDA:40,2,0,0
BRDA:41,3,0,0
BRDA:41,3,1,0
BRDA:41,4,0,0
BRDA:41,4,1,0
BRDA:68,5,0,0
BRDA:68,5,1,0
BRDA:76,6,0,0
BRDA:76,6,1,0
BRDA:85,7,0,0
BRDA:85,7,1,0
BRDA:85,8,0,0
BRDA:85,8,1,0
BRDA:92,9,0,0
BRDA:92,9,1,0
BRDA:92,10,0,0
BRDA:92,10,1,0
BRDA:99,11,0,0
BRDA:99,11,1,0
BRDA:99,12,0,0
BRDA:99,12,1,0
BRF:23
BRH:0
end_of_record
TN:
SF:src/utils/logger.js
FN:43,(anonymous_0)
FNF:1
FNH:0
FNDA:0,(anonymous_0)
DA:1,2
DA:3,2
DA:32,2
DA:33,2
DA:42,2
DA:44,0
DA:48,2
LF:7
LH:6
BRDA:4,0,0,2
BRDA:4,0,1,2
BRDA:32,1,0,2
BRDA:32,1,1,0
BRF:4
BRH:3
end_of_record
TN:
SF:src/utils/validation.js
FNF:0
FNH:0
DA:1,0
DA:4,0
DA:7,0
DA:10,0
DA:13,0
DA:16,0
DA:46,0
LF:7
LH:0
BRF:0
BRH:0
end_of_record
